Arguments: 
  /nix/store/wfhlifss78qkyb47n9r0lg0ww7b2yhxx-nodejs-14.21.1/bin/node /Users/mathiasfrithiofsson/.nvm/versions/node/v19.4.0/bin/yarn

PATH: 
  /nix/store/d8hcl0rdr85qjhk5hwwpk5mmz3yf93cc-bash-interactive-5.1-p16/bin:/nix/store/lqiqj6s5jx196bpx0mr53d232b57y768-clang-wrapper-11.1.0/bin:/nix/store/kn8ahinf4kbh9zwnw44a0hhps6ia1swy-clang-11.1.0/bin:/nix/store/v8y9sd43ygc27x4808asaymbk5nn4ild-coreutils-9.1/bin:/nix/store/33yb640sh8ac5ky9ak7fjnrb3mw559q1-cctools-binutils-darwin-wrapper-973.0.1/bin:/nix/store/x0b1kda81p0w0qqp7abvsprcf7s7qp64-cctools-binutils-darwin-973.0.1/bin:/nix/store/wfhlifss78qkyb47n9r0lg0ww7b2yhxx-nodejs-14.21.1/bin:/nix/store/mj7wk3nd6qaf1j297x3d2gbrr93cm172-elm-0.19.1/bin:/nix/store/l12l0ifvs3k3kipv9gj5g8has1syjkm5-elm-format-0.8.5/bin:/nix/store/55dzxs72wlm3xj85s8xaq63iri8pixxa-elm-analyse-0.16.5/bin:/nix/store/d36yj6zvqrfkqd0b39kbzwr966wrnkjm-elm-test-0.19.1-revision10/bin:/nix/store/875pndzssg1ph06ffyspi04dw786qddg-nixfmt-0.5.0/bin:/nix/store/v8y9sd43ygc27x4808asaymbk5nn4ild-coreutils-9.1/bin:/nix/store/kcg2s3q8fqslprb4567v4zmd9l7jxclb-findutils-4.9.0/bin:/nix/store/v9rpags3ciy01rxpslxpq0qcvaxy2gf6-diffutils-3.8/bin:/nix/store/v6ihvpa7b1mj58sbimfqyrg205mrd7xv-gnused-4.8/bin:/nix/store/nran2s5ihfjmpvhf832dqz3msr73hbhc-gnugrep-3.7/bin:/nix/store/bxcw00s9cn6amc77g7jsciiyidmd74ip-gawk-5.1.1/bin:/nix/store/l7rgxzafcscmnd7j1cc3rzz5iia7b91a-gnutar-1.34/bin:/nix/store/ahzz1clw7sf1lxa83m4n4zfisx4ahxp9-gzip-1.12/bin:/nix/store/hldrf5kdydn658lgr07iv6sajbnbpza0-bzip2-1.0.8-bin/bin:/nix/store/j5lfwqj55ssxk02jhmi9hf0wib1ig4la-gnumake-4.3/bin:/nix/store/49wn01k9yikhjlxc1ym5b6civ29zz3gv-bash-5.1-p16/bin:/nix/store/4qqdkpdzkj3y3vsjjs3f170xy5rdjjwh-patch-2.7.6/bin:/nix/store/502ln1c4zr5r0xr457jf4igrc36i1scm-xz-5.2.7-bin/bin:/nix/store/0fvf2dkgw2clm0zgj0g6arr4mm3l9h3k-file-5.43/bin:/Users/mathiasfrithiofsson/.nix-profile/bin:/nix/var/nix/profiles/default/bin:/Users/mathiasfrithiofsson/.nvm/versions/node/v19.4.0/bin:/Users/mathiasfrithiofsson/bin:/usr/local/bin:/opt/homebrew/bin:/usr/local/bin:/System/Cryptexes/App/usr/bin:/usr/bin:/bin:/usr/sbin:/sbin:/Users/mathiasfrithiofsson/.nix-profile/bin:/nix/var/nix/profiles/default/bin:/Users/mathiasfrithiofsson/.nvm/versions/node/v19.4.0/bin:/Users/mathiasfrithiofsson/bin:/opt/homebrew/bin:/Applications/Visual Studio Code.app/Contents/Resources/app/bin:/Applications/Visual Studio Code.app/Contents/Resources/app/bin

Yarn version: 
  1.22.19

Node version: 
  14.21.1

Platform: 
  darwin arm64

Trace: 
  SyntaxError: /Users/mathiasfrithiofsson/code/ui-library/package.json: Unexpected token < in JSON at position 671
      at JSON.parse (<anonymous>)
      at /Users/mathiasfrithiofsson/.nvm/versions/node/v19.4.0/lib/node_modules/yarn/lib/cli.js:1629:59
      at Generator.next (<anonymous>)
      at step (/Users/mathiasfrithiofsson/.nvm/versions/node/v19.4.0/lib/node_modules/yarn/lib/cli.js:310:30)
      at /Users/mathiasfrithiofsson/.nvm/versions/node/v19.4.0/lib/node_modules/yarn/lib/cli.js:321:13

npm manifest: 
  {
    "name": "",
    "version": "1.0.0",
    "description": "",
    "main": "index.js",
    "scripts": {
      "storybook": "start-storybook -p 6006",
      "storybook:build": "build-storybook -o dist",
      "elm-doc-preview": "npx elm-doc-preview",
      "chromatic": "npx chromatic --project-token=fa40d669dd16"
    },
    "author": "",
    "license": "ISC",
    "devDependencies": {
      "@babel/core": "7.17.5",
      "@storybook/addon-a11y": "6.5.15",
      "@storybook/addon-actions": "6.5.15",
      "@storybook/addon-essentials": "6.5.15",
      "@storybook/builder-vite": "^0.3.0",
      "@storybook/html": "6.5.15",
      "babel-loader": "8.2.3",
      "chromatic": "^6.17.1",
      "elm": "0.19.1-5",
  <<<<<<< HEAD
      "vite": "^4.0.4",
      "vite-plugin-elm": "2.5.1"
    },
    "dependencies": {
      "react-syntax-highlighter": "^15.5.0"
    },
    "readme": "ERROR: No README data found!",
    "_id": "@1.0.0"
  =======
      "vite-plugin-elm": "2.5.1",
      "vite": "^4.0.4"
    },
    "dependencies": {
      "react-syntax-highlighter": "^15.5.0"
    }
  >>>>>>> origin
  }

yarn manifest: 
  No manifest

Lockfile: 
  No lockfile
